Connection made at 1594552147052 from BS to WyieDeFtmAeN
Connection made at 1594552184910 from Bs to HTNwwnZQZNcqstQzgXXHkYbwGWBJrJJBqEJfHKMhsEhUtOLMyX
Connection made at 1594552234430 from BS to jBuuYWcSMEJBM
Connection made at 1594552251833 from Bs to e
Connection made at 1594552273037 from BS to bnrYcauaPQhIPgeAUThQL
Connection made at 1594552334409 from bS to SXKAAnbbZcZHeCpXbhtnJmaPJ
Connection made at 1594552432156 from bs to JQpBHzjRNXQeteTIzkYtMWugfQJaSXOxyXUgAd
Connection made at 1594552538934 from Bs to hiLHnMB
Connection made at 1594552689012 from bS to KYBJHAtNdtRhourqPcwqLmnmMWClCYO
Connection made at 1594552773146 from bs to TfS
Connection made at 1594552846065 from bs to EmriUWAPY
Connection made at 1594552964348 from bs to JBqQOSlwsugdKKzLzuQHaRULaNamnGGtrLRRxdwbQPTiMq
Connection made at 1594553015048 from bs to LPtpaCiFUcyWMXLfMJRxoCmbisEum
Connection made at 1594553088972 from bS to EnmfCbxHjdhSuogBuOTu
Connection made at 1594553099277 from bs to xXKYGDOhMSQLjwGHyalfgSneSINCFcmZjLoJQOkcYQTuafeJNAF
Connection made at 1594553149940 from Bs to TYNgINOEGhcxxAxIHOpmXQPzZbhoQybThuExxtzoDYpj
Connection made at 1594553271088 from bs to mQaMS
Connection made at 1594553362269 from BS to tnSlptxUscGhqcBahBIoxNbcJBxUwqZjRMkkHaLNtZWnnG
Connection made at 1594553530853 from Bs to IShoIxlqtfmoBndsOUHJfcdNOnayDBuzmBgOQIfW
Connection made at 1594553559563 from bs to IICJwUuKZAaPHdWQoiRCFkraBnMSylPutFYsjFKbzTkaMJOPHsF
Connection made at 1594553590660 from BS to wyhArhxfqaaADMkMgwpGlznIRbmiHDnWhmHHLSzfNjLfKWz
Connection made at 1594553694363 from bS to AcOYhYlMznpEHfUSHAaIKRSfgRAwoiByCMDWCOcxbJkgFiBKYQEU
Connection made at 1594553713248 from bs to ooArpbqnCpZTCBcapwyizuNuogey
Connection made at 1594553741736 from bs to JYFrMIbyAhhlXTWMhBTqTDSCBIOucFEdGjlLbXkFr
Connection made at 1594553814156 from Bs to xpzIYPGBWdOQyJoSkLKSlAiYbOqekDtnoPSgFpBsgaL
Connection made at 1594553819462 from BS to KQCbFbabdBqxudBYGdyweRqDKtidLTSMcTIaEyqKRBXIrUurEbautWEeJzMhGkg
Connection made at 1594553875009 from Bs to jHONlXEEWlBqUo
Connection made at 1594554026296 from Bs to liQNOWLwpo
Connection made at 1594554038049 from BS to QptILQcEWygPxHrLnUuHhxseJRFMCBn
Connection made at 1594554049332 from Bs to fCUAwZcWprgNhdkJHLbDdJNSfWpWTAxY
Connection made at 1594554074275 from BS to OPkewDmsRuacxmUuemMrRQNyYdZLEDitMeyssMjDtjAGxDuclnEJ
Connection made at 1594554125389 from BS to nHYgoqjSGWwOzFIlYeCkDclADjXRrBlZuptdOztBybPTRP
Connection made at 1594554253989 from BS to FolTZRCAeuGRPZXrNARPQUCxMfxbxcnKIwcMpPeHtq
Connection made at 1594554259154 from Bs to MzgJoqc
Connection made at 1594552147052 from BS to WyieDeFtmAeN
Connection made at 1594552184910 from Bs to HTNwwnZQZNcqstQzgXXHkYbwGWBJrJJBqEJfHKMhsEhUtOLMyX
Connection made at 1594552234430 from BS to jBuuYWcSMEJBM
Connection made at 1594552251833 from Bs to e
Connection made at 1594552273037 from BS to bnrYcauaPQhIPgeAUThQL
Connection made at 1594552334409 from bS to SXKAAnbbZcZHeCpXbhtnJmaPJ
Connection made at 1594552432156 from bs to JQpBHzjRNXQeteTIzkYtMWugfQJaSXOxyXUgAd
Connection made at 1594552538934 from Bs to hiLHnMB
Connection made at 1594552689012 from bS to KYBJHAtNdtRhourqPcwqLmnmMWClCYO
Connection made at 1594552773146 from bs to TfS
Connection made at 1594552846065 from bs to EmriUWAPY
Connection made at 1594552964348 from bs to JBqQOSlwsugdKKzLzuQHaRULaNamnGGtrLRRxdwbQPTiMq
Connection made at 1594553015048 from bs to LPtpaCiFUcyWMXLfMJRxoCmbisEum
Connection made at 1594553088972 from bS to EnmfCbxHjdhSuogBuOTu
Connection made at 1594553099277 from bs to xXKYGDOhMSQLjwGHyalfgSneSINCFcmZjLoJQOkcYQTuafeJNAF
Connection made at 1594553149940 from Bs to TYNgINOEGhcxxAxIHOpmXQPzZbhoQybThuExxtzoDYpj
Connection made at 1594553271088 from bs to mQaMS
Connection made at 1594553362269 from BS to tnSlptxUscGhqcBahBIoxNbcJBxUwqZjRMkkHaLNtZWnnG
Connection made at 1594553530853 from Bs to IShoIxlqtfmoBndsOUHJfcdNOnayDBuzmBgOQIfW
Connection made at 1594553559563 from bs to IICJwUuKZAaPHdWQoiRCFkraBnMSylPutFYsjFKbzTkaMJOPHsF
Connection made at 1594553590660 from BS to wyhArhxfqaaADMkMgwpGlznIRbmiHDnWhmHHLSzfNjLfKWz
Connection made at 1594553694363 from bS to AcOYhYlMznpEHfUSHAaIKRSfgRAwoiByCMDWCOcxbJkgFiBKYQEU
Connection made at 1594553713248 from bs to ooArpbqnCpZTCBcapwyizuNuogey
Connection made at 1594553741736 from bs to JYFrMIbyAhhlXTWMhBTqTDSCBIOucFEdGjlLbXkFr
Connection made at 1594553814156 from Bs to xpzIYPGBWdOQyJoSkLKSlAiYbOqekDtnoPSgFpBsgaL
Connection made at 1594553819462 from BS to KQCbFbabdBqxudBYGdyweRqDKtidLTSMcTIaEyqKRBXIrUurEbautWEeJzMhGkg
Connection made at 1594553875009 from Bs to jHONlXEEWlBqUo
Connection made at 1594554026296 from Bs to liQNOWLwpo
Connection made at 1594554038049 from BS to QptILQcEWygPxHrLnUuHhxseJRFMCBn
Connection made at 1594554049332 from Bs to fCUAwZcWprgNhdkJHLbDdJNSfWpWTAxY
Connection made at 1594554074275 from BS to OPkewDmsRuacxmUuemMrRQNyYdZLEDitMeyssMjDtjAGxDuclnEJ
Connection made at 1594554125389 from BS to nHYgoqjSGWwOzFIlYeCkDclADjXRrBlZuptdOztBybPTRP
Connection made at 1594554253989 from BS to FolTZRCAeuGRPZXrNARPQUCxMfxbxcnKIwcMpPeHtq
Connection made at 1594554259154 from Bs to MzgJoqc
