Connection made at 1406010459355 from Z to ktLqQdetSolRUWajEGYrkRQXzJ
Connection made at 1406010459520 from Z to nyxXmcGFliRkYhbsrFknzd
Connection made at 1406010459836 from Z to yZXoRwwqlULDHIEDAGeGbcgORMnjP
Connection made at 1406010460020 from Z to QcuEkFXRnYFhTcQwlYZyyEbZXby
Connection made at 1406010460147 from Z to qwcUTaNDXCUmYCooIMdcxyefYcJkErkzjhnILNUdHdATWwiFYMMZSE
Connection made at 1406010460149 from z to UMRwTSyfAPiSUocuTIMzJ
Connection made at 1406010460244 from z to bAowskSruTaxbGhuKJwdujWADWpHckYJjtlKhTMGpmPqFXPOqB
Connection made at 1406010460332 from Z to KRyuQWrkNFCowKuNuzcOTI
Connection made at 1406010460475 from z to TOgWtHZxxkpaDQKUlnMrEKNJmDSFSsLyP
Connection made at 1406010460638 from z to WAtxqzSNZthXlRNmHqlCIfCIdOXSwLXUMOaxDwcCssGbK
Connection made at 1406010460730 from z to foIc
Connection made at 1406010460826 from Z to pBeWgpWhPJIMHJdLKZDHeAjkSWJSZilAlHAgR
Connection made at 1406010460872 from z to UIDOrcOHaKKFxtHdYmXRQostgsDWgNjjgjPlzCqGscSNYwhk
Connection made at 1406010460982 from z to uqixECYqafstiHgWsEQJxZRubpzoGbPtbejdmrRMKXH
Connection made at 1406010461148 from Z to ztRlAdOyyEHwfnrjxnuKgBntOasEhSEzwdYeQWnqrjBDCOkxwzuWoZG
Connection made at 1406010461240 from Z to eMsDEQzxIyHlAxkC
Connection made at 1406010461420 from z to qzsdEiooYITxlFBnlCfabwECqCSkKuIeybIGtQWe
Connection made at 1406010461424 from z to saTUPSrBkPTTFPqZkMenUswHHJHkyGnmityojQRjkAmMGEsNWKUIuGcF
Connection made at 1406010461691 from Z to tBbTGbFOubcSWyIjLPdyKyNtKHRJimtEsiHulfSKeLCiYlLwBnljdgPPhty
Connection made at 1406010461694 from Z to lltIIIDIWDQMbMfUaWJOAZzDHdorIggZmnnWm
Connection made at 1406010461740 from Z to UaqQlDBHmzQglTbUUspsg
Connection made at 1406010461998 from z to OSHaneOFDdfyeOqzkbnrDzfrYuPHSLFZlbeRcsJMkBKuXZc
Connection made at 1406010462464 from Z to XdLCsRfKoEEImbNXCYPhlQPceYTZQUsKaXPtfAhwBNJJHclbkdQrYNoyxtTKiAg
Connection made at 1406010462554 from Z to nSTPcoXBLxMhiFJUPGYshmGJepF
Connection made at 1406010462825 from Z to Uy
Connection made at 1406010463044 from Z to HhmUHOWwbCAJcjxtJFOBhrndT
Connection made at 1406010463122 from Z to EHhOmamGjrRPboxdGheZaSNpeZoNPSFlWWWBDULrt
Connection made at 1406010463128 from Z to yjGuudkbDdtsaKWzzjwuihLfeaELjckDOaEGo
Connection made at 1406010463167 from z to oYlQEOxjqIlNTwfIWUzsHsMIBMoAaYQCGNFWCpShSlRrizfw
Connection made at 1406010463228 from Z to sAhSAKzpsMBPqdxyIbEnZwBpgIgIKIJZKJheFOZROtwyzBXjeaXYXZemaB
Connection made at 1406010463632 from z to aMKkNaCDhOwUXynJgxMwdXCmRmaCqW
Connection made at 1406010463748 from Z to UWyXRnUynXLnuItZxdRknuDIpTXGxMsywChItZImuqhftLgdzyTuLH
Connection made at 1406010464045 from Z to SDzsyKNqiePFhKdeyynQlYxIYwDQZEUoJAugKpcXwbojOqggR
Connection made at 1406010464108 from Z to NdrbYkOaFHZwFeXITHs
Connection made at 1406010464324 from z to OKunpmgjSpOiqdUjnr
Connection made at 1406010464356 from Z to ROOUXdFmkDukxLHOgfpPoydPmfPBLwCfTnIZtXUicFKDsQOeXeu
Connection made at 1406010464440 from z to ECagTbQqEioqxYhXzMuGinFNUFLDSABKFmcuglCGmGjAxiOhyUdD
Connection made at 1406010464523 from Z to QFgSnHIHyhmAPIplTlOcaBFP
Connection made at 1406010464554 from z to mEzROiumajGdxtJAhRUKPEwyDZhAjepxBABesYgEHUXQApyZ
Connection made at 1406010464733 from z to ZIanMPbsOuRumwIcqycLMDladrkKQTEYtXXbMaasqRaFruTIIUoEXZfY
Connection made at 1406010464756 from Z to LMn
Connection made at 1406010465150 from z to DBpIQZsrstHt
Connection made at 1406010465308 from z to yygLRMqkkDakUYyRihRTqRdUXLPnI
Connection made at 1406010465321 from Z to eLB
Connection made at 1406010465558 from Z to bNtShRiezwirBgyRSWuxmMRFtzIYQFu
Connection made at 1406010465594 from z to XsszeA
Connection made at 1406010465947 from z to WGcgGlZMunglZDElAwTclLeCMZEuLFzzeygFgjiFpmfaBqfnhdnACC
Connection made at 1406010465959 from z to PBkMXFGFsaahWlmoWFZZPNSoQfSPxmaLFtST
Connection made at 1406010466052 from z to GIPUXGZUxNmHNFOfrSBCJLcAEKWYnxGNxJbBRPnncRDoTiFdHyCybtOmZ
Connection made at 1406010466056 from z to AuwZNCqYgpYIzrirpNSlN
Connection made at 1406010466094 from Z to luyxZlbSsXFsSFZgiDbbfmQnRsBZLOaIrLjTuTe
Connection made at 1406010466216 from Z to sbESQLGthTgaCcMOpZeOTKOhPDLdUphDsrxbGzuHTfAwxlTxyKpcPQkljSoBSL
Connection made at 1406010466501 from z to spsowaHMu
Connection made at 1406010466596 from z to rxEfSdrtAUJW
Connection made at 1406010466838 from Z to hadgRNhkRXxXEBWCoHePtnWYCKLCWzfSAKHAXnC
Connection made at 1406010466966 from Z to MEtkhKBAsjcBYhWaofQkmDoLFeLNMKDPCskaGrnzIRUnuDkWoEzsEAnePsXTZuD
Connection made at 1406010467031 from Z to GMQNLohTTZYhJMkAwtxYwlhKRjCCxskOMfcSchdYIzZPTehgzEbYAsgkFOiWJS
Connection made at 1406010467326 from Z to TCejenjiJEoyRcxOhmccIlhG
Connection made at 1406010467798 from Z to ROrNZjptKrlQWyiqzbZbffslYclhhtnEnXBZ
Connection made at 1406010467844 from z to PMXccsXCPqkQZoGutbtZLkmwfyUmylXhuYC
Connection made at 1406010468065 from Z to oMlDJJHIwnPNdRPJENwtPzEOirAYSXrh
Connection made at 1406010468133 from Z to nsPPJE
Connection made at 1406010468317 from Z to KMMIWdiEZOKRKqqSnXaRYlFmtZtbJHNBGIAbBAQtuDuEEhCQJBPgK
Connection made at 1406010468474 from z to DtiMHUPCKttomoLtmGNBhqmbbMtGSeDYPraCQdHBYKlerhRmFgobAH
Connection made at 1406010468502 from Z to OQiAfNMkxrzNhdlJjXJgfMPuFkIZgxpdMEqLGpzOoabl
Connection made at 1406010468711 from Z to APsKQudpFUwkZxfNhhengqZdZRuzIYWqqdAKRaHGLpCoqrub
Connection made at 1406010468943 from Z to jYRPCYljZpMCMxiJrxoDlWW
Connection made at 1406010469049 from z to cbDfmQYTOrEDZUsBUYWREZlqrDRQGofDKsXCwfDkpFdDqEARdrcLRdfWwog
Connection made at 1406010470225 from z to ozpfIAWCqhEuKmNzlauiZjqJHHFqPgsAQbkzlEPUnEJyGYocCwXpUbt
Connection made at 1406010470450 from z to dgsPeMEeXgEMHpGHBfxXtNgZKjeNPHlXTRcfQHDcokppcjspO
Connection made at 1406010470986 from Z to Ib
Connection made at 1406010471016 from z to trqslqTgitweRMQhBLzNPmseeEZmeyyRcdMkcunweJIxiqHxEAuAyQrcI
Connection made at 1406010471071 from z to YfWWjbyJiSnMOCShTgytUgmHnfnlzESwqiFMFQK
Connection made at 1406010471154 from z to cTEGRITYiUIRpioFxTAGDfjXcAinhL
Connection made at 1406010471533 from z to hNhI
Connection made at 1406010471644 from Z to twKIAWlAmpuFpDRoM
Connection made at 1406010472171 from Z to PJFJEQzrTTLOcESpoAYPeZgwBUKInxCohqEKBqpxxWWjBHNmxBUFW
Connection made at 1406010472405 from z to mX
Connection made at 1406010472694 from z to zkyMeModNTqJOwemIHHnzdbiF
Connection made at 1406010473205 from Z to APTJMxlnyWyejNjbXtSEQaNTgfIsaNzElRYNzXrkWkGPtNwrLtRuFbjoKcyQweQ
Connection made at 1406010474090 from Z to gCZOgKzBLLeNWofxzpUUFPDozHSIpJgBkxg
Connection made at 1406010474605 from z to NySTOuGMPoOIBAmDBBoyxXZUPLmX
Connection made at 1406010474872 from Z to BslxMkmOMemaBYeOykLHkmGaRyHLpXqBdyBlTMb
Connection made at 1406010474940 from z to jZKd
Connection made at 1406010475029 from Z to qNLEzoYhCWwkbkTGKwUmnQODLigf
Connection made at 1406010475334 from z to hMENCtTEXRAFHbPMyajnpkMNcbuPrafMIhbFHLyHnlTEDBqqZzE
Connection made at 1406010475435 from z to wSYCAkXtnCAbpXAHusMOnQkypnpIKIMmJMiudyBb
Connection made at 1406010476013 from z to OFQwfqgQlQfHoEIDsEYrsMEsCzdPQljiwpzqUYFYCyQBxsHsoMsPBiUIBXEpyTd
Connection made at 1406010476650 from z to kUqNeJnicHLzIiCkKebNzWRBOBcTtqDpzlat
Connection made at 1406010476805 from Z to kIARIhdHCMHAdOPXidrIlAXwbpZUFCuwBTYqOC
Connection made at 1406010476978 from z to mQwSGRsbgMnrtgqdOo
Connection made at 1406010476999 from Z to bWWcHCDzrouTwUcXKTclCjnraEJFuxIpyDq
Connection made at 1406010477248 from z to wllbDSPjAN
Connection made at 1406010477341 from z to JOSQRyWrrRkoHyhSbGYPLMARBwepaEcWoYDsdKgkekYyxMzw
Connection made at 1406010477925 from Z to oXftuHeaIqwfNPnaiwShibbKKMrDgEuHMwyWHRWNXBmiFCNIrPO
Connection made at 1406010478874 from z to ndQatfaNUpBpaAqzy
Connection made at 1406010478987 from z to BFDpYhQusXxTiAawqYrjFJgEEp
Connection made at 1406010479050 from z to CqqmPlpbDKdjLraGFrSsNDCdfXtokZrUml
Connection made at 1406010479090 from z to FXLlPxqGgfTGcUPlTLpaIbWaSsHIuFSGTmWwRAhsWcpxOnFzdocxaUKpMd
Connection made at 1406010479209 from Z to HXYzEURKNLjzwluyessKUzCYxemaTgOdPHlNToUEYn
Connection made at 1406010479982 from z to pdtlCQsehJqMawSgTujkcRsUyPMg
Connection made at 1406010480170 from z to yjZurOQXenJPNzJt
Connection made at 1406010481041 from Z to mygMmMomUhORqziDbnTmpkarLZZY
Connection made at 1406010481553 from z to QyWuhoXeONUYIwadL
Connection made at 1406010481617 from Z to tQnKpXAzljiqwKFdTCfcuOQzOnUxGR
Connection made at 1406010482014 from Z to QJqXJMiKURyMFiaEgfpWneaTTIskiPrcGWduOuKoaXKaZLg
Connection made at 1406010482453 from z to cDSgAlLziPXQXaoCTBpYjaokIwyQimqYYnUcYnZXPEdMn
Connection made at 1406010482732 from Z to duMGXZBuTXTdBzTlsBOMaTbLnEpoRXMJNMmFHZkdlLafLFzFFQaphuZ
Connection made at 1406010482903 from Z to IAdAFuLtmz
Connection made at 1406010483040 from Z to ydrMSScaxDSLBKCtFauUHILCmgoxpQtBquwgbhASk
Connection made at 1406010483052 from Z to bhMgQZYEFRHDgErWzfyJkdbjjqgIHbQAuwTbTiTlUSRdDpLxHg
Connection made at 1406010483490 from z to ilEFXcrRCjZ
Connection made at 1406010483970 from z to kFRMAIsXAcQOGLsWscObLicN
Connection made at 1406010484721 from Z to cGMfucAQLCsjyMC
Connection made at 1406010485006 from z to omINpyCKlicfYzsaXRnUrXRGnXEOyJywnoJwYmPxPuHN
Connection made at 1406010485612 from z to wlqeeIYoJQkLjjIBOFystHuPYSQK
Connection made at 1406010485648 from Z to HITdAPrJtCHMscXguznMIEbuOMtoXdlXinNMYxmRaAjpTNtfB
Connection made at 1406010485679 from z to ItbWYdmfDczQAYwcsxyU
Connection made at 1406010485747 from z to rCGDKZsIfITHxzaQEPJYiLhEXMoK
Connection made at 1406010486681 from z to dhnokHlwCjq
Connection made at 1406010487936 from z to BdrscJGALQzSplMzxqUbEGYZEpfocbGFIkpUaxOrLhMIjJbGu
Connection made at 1406010488348 from Z to toWhdjTRfXrymGDFMUQkURbjbOEAGBx
Connection made at 1406010488639 from z to kDzeQbXYKMBYONGDGTkCJjPUYBWiqMXuHbDgwlsqfzhEOt
Connection made at 1406010489067 from z to oeyqDTWxYZCeeHpchABrIHYFQWpFukmay
Connection made at 1406010489319 from z to qbFPFUOQprGcLsFhmAKJSSShInOlmegcUYhMqLLlSegqgDxc
Connection made at 1406010489332 from z to jWIFcQXrqSJSdMDrsfodQsNUuIALGMCNpgUKQ
Connection made at 1406010489528 from Z to oRatYQqniIgMYcCfMxFkCHldZluQpAuJaPtPBuGznAjbFJFqbjaTqEQwSYitmKd
Connection made at 1406010489649 from Z to efSBjxyPAoFTWtxcrbkqJXcSOYNpnCIGUbLWGJqhfYnLhNmWGaYBgaygrqZ
Connection made at 1406010489909 from z to IItrUwTrJyJFJbgjBDnMATNNeixDr
Connection made at 1406010490033 from Z to sjksLEcYaNsWiRTNJUpiKmRyTzcozIxpXDidJzxTRCBggWZuDfGKTdibwUo
Connection made at 1406010490765 from z to zyjSrUKBlFqYx
Connection made at 1406010490770 from Z to EwSwjSfppuPGKccBGExTtQLtyBbeTfRwEQdBWdghOBqTwNSNbyNzcc
Connection made at 1406010490919 from z to ilxtyICNsxNxFjLnyWHgITqSyhNG
Connection made at 1406010491026 from Z to JHeAzDcjcdPJbhEJttkDOGBWWyalYaeaBctWUloSCJnsJCHcUJYMMfORyO
Connection made at 1406010492064 from z to pJEiIPUNAcQKoyofsEogbkmxXlmLnBNUIfeRXJoSNHOQowHRRrkmGrtP
Connection made at 1406010492553 from Z to ZIkEyWSJiAYODCbIpqQRzhTMxyyzGNWwRGFkAWEroZrMBqFwnsHXoglPaN
Connection made at 1406010492677 from z to XxcoxzZXTomsMMyldPUArAuswerppDZGpUqKwOAqIrzWWgIDpXGRP
Connection made at 1406010492815 from Z to bXEkNaTkbDAmTFEhuNXboLIgKijjJStKPoacCQtzXqCidSnqfBMYR
Connection made at 1406010493107 from z to WUxoguqQLeQqEmprWrfeDzk
Connection made at 1406010493285 from z to SymGPosuLnBsHOnhFjTUIPRkREwdTMnCatdpoDqfpB
Connection made at 1406010494385 from Z to EUkjjeyBqKGmEUOfDZsuSEpJmAemSENHmHBOXr
Connection made at 1406010494526 from Z to XoBXRGzlDPZmxfeYbl
Connection made at 1406010495172 from z to HPWi
Connection made at 1406010495529 from z to bDIqGCoiUmtzusruOsMgbZmQhhSMaqIzmZmcDkEitExXFhiCMtLqrPrcnurG
Connection made at 1406010495690 from z to NyXpMKfOQunDzhsQzkp
Connection made at 1406010495731 from z to lSjKccHqzFYOneBPGwIKwNBSKtPWnAjGDiTdzbFNHCPKHKeOAWGnituJ
Connection made at 1406010495735 from z to y
Connection made at 1406010495879 from z to OExKAarCBbWpfU
Connection made at 1406010496499 from z to qgwKXSQBpDWnikRPIsDGIcWuRpaCXieZHLpQyNsNpJOgswlZUBlnndZAjRu
Connection made at 1406010497351 from Z to RRXnUhaQDHiPzAznbCrizKcnjjjTSyKwJKqoEbMiMDf
Connection made at 1406010497559 from Z to quOHsACsoWaTRkaA
Connection made at 1406010498031 from Z to rnwBdalOtoNLXTYcbIgWkFfmdwqQuwurxskex
Connection made at 1406010498192 from Z to nqIGzewraPUWIzKJcFj
Connection made at 1406010498981 from Z to DHfsnnBZczmqJldhYRrEcrDgkAjNgmdBjIbnRPZItxfbSNcnHpFIEeYmPO
Connection made at 1406010499133 from Z to SjEkDzLQp
Connection made at 1406010499288 from z to bDoPKedUPRdzKLtMqAgXBGlGhQDxxMTOjrfal
Connection made at 1406010499533 from z to yEWqANdnitgYeHNBBnpYiGhuFWBkJRgPZuAKWelGWokuwtFfZuJ
Connection made at 1406010499685 from z to BiFBWnnTeCmQQJzbowXfDWXSUkYnWYhnjfeLCGqFxlkOftTeYkktUFZIU
Connection made at 1406010499726 from z to LedyLkRTrjcb
Connection made at 1406010500251 from Z to gpqdkmK
Connection made at 1406010500933 from Z to mFpdJtUZZwzMPRxGSQfTUWTnmHlwOcCLPtIxMhJBsIYcUKIsnHKrwQBC
Connection made at 1406010500987 from Z to EGiZMGibzizLPNgkwNbbNHgBafJHQHUApEcSlqEsrSOjlidSx
Connection made at 1406010501522 from z to liwhOZIEAHltkGmFIwqzKWYaILsZKyjaLPzSjK
Connection made at 1406010501568 from Z to rZSrMGGYoqEamMmiQfsIqDUWUAWTDmpoRefKbDKWUxSyRxLRNFTNEyZPrfY
Connection made at 1406010501686 from Z to QGYEJHPHgBrwmQWzCUfDyAWdeSq
Connection made at 1406010501943 from z to IGpwtCAMerUyLFbOmMmgMAxkwICIqR
Connection made at 1406010501971 from Z to kma
Connection made at 1406010502921 from Z to ibJosqdlSLw
Connection made at 1406010503218 from z to oSMhTNBLMmykr
Connection made at 1406010503353 from z to CHTfDAXTMLIFzshJg
Connection made at 1406010504218 from Z to RzoTJSFkyKXMRyqXYGck
Connection made at 1406010504277 from Z to pGJWPYqhIHWOp
Connection made at 1406010504446 from z to caEXrfXhJQcH
Connection made at 1406010504659 from z to fewKPbPNapwr
Connection made at 1406010505513 from z to pgNOsuuZDUd
Connection made at 1406010506260 from Z to tCAmCaIgSeCZTFMQzknmXsXFeFqktAxDBYEKExMwixTKhtRfKBlqoZp
Connection made at 1406010506382 from Z to PhGKLAeajTfpNCYwoCtZPyTqhULtPUmZYXKlftqDnzeYZugAQAroBCOWaFqfH
Connection made at 1406010506436 from Z to pdKhEBbcFoOCzhCelzawlZQKNrelpoFdRoDydAtjUkTRhLRjXFzbAmPqyLUoHe
Connection made at 1406010506641 from Z to pcYABfxGSfplmDtfzseSPgItlZZtinXbwfKXBtJqLZLJDoyYbDqCWdiOTR
Connection made at 1406010507140 from Z to blmDFe
Connection made at 1406010507364 from Z to FIjyqHMNXzOl
Connection made at 1406010507430 from Z to pCFYRnjIxjFUBstmdCIPyKBynOIYhyxjcjIAawRwEdKLMLzK
Connection made at 1406010507718 from z to iqAtbWXYTMKqwpRTFNwLnrMSXRNawZXFHxYw
Connection made at 1406010507876 from z to LnZURhDpBPXQFUANewCEquDQIswlPrLBFUR
Connection made at 1406010507939 from Z to FfjEEHbfBeLBPaOtdHdOoq
Connection made at 1406010508031 from z to tgDHmR
Connection made at 1406010508066 from Z to xKG
Connection made at 1406010508233 from Z to YXZjKpfPIctSUGUpaeMTcJLMNioMZcZgtzHqXXsNQETitZYBcrZxwNdkbzc
Connection made at 1406010508322 from z to UJBTlfGdTxMhduYyfQMEkNUJAqseHPABeUBlwBeSjXbm
Connection made at 1406010508791 from Z to L
Connection made at 1406010509647 from Z to QjDHxAkgtUklLcwaPFLqWjbtfLKi
Connection made at 1406010509786 from Z to JhyWMFgEDiSZo
Connection made at 1406010510134 from z to JGlcGxqktTYyCQHxaLWjeDeCzriUaOGDAwqwelJwmKANgM
Connection made at 1406010510339 from z to RwpecObEuAZBHoZyYtsstyFeKegsOwkKhLZjzxSJXXXMRoTp
Connection made at 1406010510424 from z to XAyeWFt
Connection made at 1406010510527 from z to bbpMXOgZHldGbjjiTOhRpEGrqPdjICpLxTuzjqBgxiOdgdiqgfWLlGStlUuAuzm
Connection made at 1406010511226 from Z to zpBbBwSYjYN
Connection made at 1406010511495 from z to NrYCXCjQFniwEGTRgM
Connection made at 1406010512248 from z to QrnpzH
Connection made at 1406010512368 from z to hzGiUDCjgZCDOFuCijziZaCHsebQYMcGIYnwnNfRNaNdIxSr
Connection made at 1406010513469 from z to ffIftRWunFqIceyDxHGdZnegGL
Connection made at 1406010513548 from z to cWiwadjWJjdQIgnHelrNsNaEjktn
Connection made at 1406010515011 from Z to ebNUWBYrERywuQaCATPS
Connection made at 1406010515835 from z to YyxckBXhuw
Connection made at 1406010516019 from z to GfLwBTURYLDKTGaXDUkpgajsDcKqJEtWRibGgnapGfyTWm
Connection made at 1406010516229 from Z to HJSCYdLRPSkLENEqZtlemwl
Connection made at 1406010516616 from Z to UkuXBTMitsuANlhiplnzkxsdJYFSjrejNefGOyWRTXJAWcJQDbNsysAcXinePBA
Connection made at 1406010517114 from Z to ZSLMPdIhUxbkK
Connection made at 1406010517213 from z to nugCyODkHolDyEBqPMOGAIKMhJnCQmeMsbnXlhg
Connection made at 1406010517713 from Z to iMiJAHwUWQLwcjElMFkGKROqbWFTsJWou
Connection made at 1406010518112 from Z to DhqItKXOuWCjcUCLNtfxefuNpeLGgnLFWMLQqcoIcufSoHd
Connection made at 1406010518426 from Z to tqWQDt
Connection made at 1406010518477 from z to UzFeWaNHBcMEztMrWxpcLtE
Connection made at 1406010518609 from z to GMHZXdhEEFmLxLWDyTIppOkYOZilLcXpLxdlpcsaApWKpPAdzqcTPDgzfuO
Connection made at 1406010518809 from z to aQmREqbeJsplRkWkBBBbMP
Connection made at 1406010518864 from Z to rwEjELOZQSDrFsnNKyppyWqNElheBroLuETT
Connection made at 1406010519022 from z to UeAboUHmTeAONIWcPGpTmebMrpqrwmeOcujSPiaZJjTsDAGBjEGsh
Connection made at 1406010519206 from Z to MBdZUIhISpnDDilcnxjExRgRKohyXWOoItkKaYwQLeRGYbSZtFnFPFbFFaYZ
Connection made at 1406010519689 from z to EaaRXAuXdoedzQuCrWbocLHczmlXhAoslAtiigkOCDykcaXDTpcSwe
Connection made at 1406010519881 from Z to dzBdnsgQTtnGDknAsMAjGjMXPcbgGhdgMjHntzFtAisjpG
Connection made at 1406010520150 from z to JHiyXHOhNxTpjOqlwjf
Connection made at 1406010520248 from Z to rYuASyeDo
Connection made at 1406010520387 from Z to kbXhTQwJujXRSmlZRoXRongRRrWENB
Connection made at 1406010520410 from z to yIorIDKwLPxIEyrMBmoeqprhoRuKlGYSWAMqGSoSrmClnuySYmlZymcQ
Connection made at 1406010520457 from z to ATLXNbiLXbaAisUUfUJBUkLzSUBEKf
Connection made at 1406010520479 from z to nDEJLiIpkuIoS
Connection made at 1406010520516 from Z to zEAd
Connection made at 1406010521211 from z to libArWIcNUraxRKijU
Connection made at 1406010521407 from Z to FEXIEnajTtJltRQazlYPyfwANQyKPdZPFyiiorjbSUwIGQB
Connection made at 1406010521593 from Z to qmdiZhoIO
Connection made at 1406010521703 from z to EBBPugXWNZUUktTJcyGbRbQgXRTaYd
Connection made at 1406010521825 from z to dHgYmhAGLlktrdnTpqgGTKYTzCLBonHyF
